[INFO ] 2025-12-23 16:19:33.021 [main] ReportManager - 
[0;7m------------------------------------------------------------------------------------------------------------------------------------------------
                                                    Powered by [1mSHAFT v.7.4.20231015[22m                                                    
------------------------------------------------------------------------------------------------------------------------------------------------
[0m
[INFO ] 2025-12-23 16:19:37.200 [main] ReportManager - Loaded OpenCV "opencv_java470".
[INFO ] 2025-12-23 16:19:37.201 [main] ReportManager - Initializing Allure Reporting Environment...
[INFO ] 2025-12-23 16:19:37.313 [main] ReportManager - Initializing Summary Reporting Environment...
[INFO ] 2025-12-23 16:19:37.334 [main] ReportManager - TestNG run detected...
[INFO ] 2025-12-23 16:19:37.523 [main] Utils - [TestNG] Running:
  C:\Users\Ahmed Refat\AppData\Local\JetBrains\IdeaIC2024.2\temp-testng-customsuite.xml

[INFO ] 2025-12-23 16:19:37.549 [main] ReportManager - 
[0;7m------------------------------------------------------------------------------------------------------------------------------------------------
                                             Starting execution of suite setup configuration method                                             
                                          'com.shaft.listeners.internal.ConfigurationHelper.suiteSetup'                                          
------------------------------------------------------------------------------------------------------------------------------------------------
[0m
[INFO ] 2025-12-23 16:19:37.645 [main] ReportManager - Initializing Important Links...
[INFO ] 2025-12-23 16:19:37.652 [main] ReportManager - Initializing Properties...
[INFO ] 2025-12-23 16:19:37.738 [main] ReportManager - 
[0;7m------------------------------------------------------------------------------------------------------------------------------------------------
                                             Starting execution of setup browse configuration method                                             
                                             'AdminPages.Reports.Quotation.QuotationTCs.setupBrowse'                                             
------------------------------------------------------------------------------------------------------------------------------------------------
[0m
[INFO ] 2025-12-23 16:19:37.758 [main] ReportManager - Setting "targetOperatingSystem" property with "windows".
[INFO ] 2025-12-23 16:19:37.770 [main] ReportManager - Capabilities {acceptInsecureCerts: true, browserName: chrome, goog:chromeOptions: {args: [--start-maximized, --remote-allow-origins=*, --enable-automation, --disable-background-timer-..., --disable-backgrounding-occ..., --disable-features=Calculat..., --disable-hang-monitor, --disable-domain-reliability, --disable-renderer-backgrou..., --disable-features=Autofill..., --metrics-recording-only, --no-first-run, --no-default-browser-check, --silent-debugger-extension..., --disable-extensions, --disable-component-extensi..., --disable-dev-shm-usage, --disable-features=MediaRouter, --disable-features=Translate, --disable-ipc-flooding-prot..., --disable-background-networ..., --mute-audio, --disable-breakpad, --ignore-certificate-errors, --disable-device-discovery-..., --force-color-profile=srgb, --hide-scrollbars, --host-resolver-rules, --no-pings, --disable-features=AvoidUnn..., --disable-features=Certific..., --disable-sync, --disable-features=Optimiza..., --disable-features=DialMedi..., --disable-features=GlobalMe..., --disable-features=Improved..., --disable-features=LazyFram..., --disable-field-trial-config, --enable-features=NetworkSe..., --enable-features=NetworkSe..., --enable-use-zoom-for-dsf, --log-net-log, --net-log-capture-mode, --disable-client-side-phish..., --disable-default-apps, --disable-features=Interest...], extensions: [], prefs: {download.default_directory: C:\Users\Ahmed Refat\NDC-Up..., download.prompt_for_download: false, profile.default_content_settings.popups: 0}}, pageLoadStrategy: none, timeouts: {pageLoad: 60000, script: 30000}, unhandledPromptBehavior: ignore, webSocketUrl: true}
[INFO ] 2025-12-23 16:19:37.771 [main] ReportManager - Attempting to run locally on: "windows | Chrome".
[INFO ] 2025-12-23 16:19:37.771 [main] ReportManager - Identifying OS/Driver combination. Please note that if a new browser/driver executable will be downloaded it may take some time depending on your connection...
[WARN ] 2025-12-23 16:19:40.442 [main] ReportManager - Dec 23, 2025 4:19:40 PM org.openqa.selenium.devtools.CdpVersionFinder findNearestMatch
[WARN ] 2025-12-23 16:19:40.443 [main] ReportManager - WARNING: Unable to find CDP implementation matching 143
[WARN ] 2025-12-23 16:19:40.445 [main] ReportManager - Dec 23, 2025 4:19:40 PM org.openqa.selenium.chromium.ChromiumDriver lambda$new$5
[WARN ] 2025-12-23 16:19:40.445 [main] ReportManager - WARNING: Unable to find version of CDP to use for 143.0.7499.40. You may need to include a dependency on a specific version of the CDP using something similar to `org.seleniumhq.selenium:selenium-devtools-v86:4.13.0` where the version ("v86") matches the version of the chromium-based browser you're using and the version number of the artifact is the same as Selenium's.
[INFO ] 2025-12-23 16:19:40.453 [main] ReportManager - Successfully Opened: "windows | Chrome".
[INFO ] 2025-12-23 16:19:40.496 [main] ReportManager - Initial window size: (1936, 1168)
[INFO ] 2025-12-23 16:19:40.503 [main] ReportManager - Window size after SWD Maximize: (1936, 1168)
[INFO ] 2025-12-23 16:19:40.701 [main] ReportManager - Window size after Toolkit: (1920, 1200)
[INFO ] 2025-12-23 16:19:40.785 [main] ReportManager - Window size after WebDriver.Manage.Window: (1920, 1080)
[INFO ] 2025-12-23 16:19:40.824 [main] ReportManager - Maximize window "New screen size is now: (1920, 1080)".
[INFO ] 2025-12-23 16:19:40.851 [main] ReportManager - Target URL: "http://192.168.1.90"
[INFO ] 2025-12-23 16:19:40.879 [main] ReportManager - Initial URL: "about:blank"
[INFO ] 2025-12-23 16:19:41.713 [main] ReportManager - Navigate to url "http://192.168.1.90".
[INFO ] 2025-12-23 16:19:46.729 [main] ReportManager - 
[0;7m------------------------------------------------------------------------------------------------------------------------------------------------
                                                Starting execution of login configuration method                                                
                                                'AdminPages.Reports.Quotation.QuotationTCs.login'                                                
------------------------------------------------------------------------------------------------------------------------------------------------
[0m
[INFO ] 2025-12-23 16:19:46.737 [main] ReportManager - File Action "DoesFileExist" successfully performed. With the following test data "File Path: "QuotationReport.json"".
[INFO ] 2025-12-23 16:19:46.740 [main] ReportManager - File Action "DoesFileExist" successfully performed. With the following test data "File Path: "src/test/resources/testDataFiles/QuotationReport.json"".
[INFO ] 2025-12-23 16:19:46.742 [main] ReportManager - File Action "GetAbsolutePath" successfully performed. With the following test data "Relative Folder Path: "src/test/resources/testDataFiles/QuotationReport.json"".
[INFO ] 2025-12-23 16:19:46.758 [main] ReportManager - Successfully created attachment 'Test Data - JSON'
[INFO ] 2025-12-23 16:19:47.004 [main] ReportManager - Type "E.saady" into "Username *".
[INFO ] 2025-12-23 16:19:47.194 [main] ReportManager - Type "qqE6)Cxp6>B8" into "Password * Forgot Password?".
[INFO ] 2025-12-23 16:19:47.414 [main] ReportManager - Moved the mouse to the middle of the element.
[INFO ] 2025-12-23 16:19:47.492 [main] ReportManager - Click "Login".
[INFO ] 2025-12-23 16:19:47.547 [main] ReportManager - 
[0;7m------------------------------------------------------------------------------------------------------------------------------------------------
                                        Starting Execution: '1 out of 10' test cases in the current suite                                        
                           Test Method: 'AdminPages.Reports.Quotation.QuotationTCs.VerifyThatUserCanPaginateTheResult'                           
------------------------------------------------------------------------------------------------------------------------------------------------
[0m
[INFO ] 2025-12-23 16:19:50.825 [main] ReportManager - Moved the mouse to the middle of the element.
[INFO ] 2025-12-23 16:19:50.897 [main] ReportManager - Click "Reports".
[INFO ] 2025-12-23 16:19:51.157 [main] ReportManager - Moved the mouse to the middle of the element.
[INFO ] 2025-12-23 16:19:51.256 [main] ReportManager - Click "î¥˜ Quotation Report".
[INFO ] 2025-12-23 16:19:51.278 [main] ReportManager - File Action "DoesFileExist" successfully performed. With the following test data "File Path: "QuotationReport.json"".
[INFO ] 2025-12-23 16:19:51.279 [main] ReportManager - File Action "DoesFileExist" successfully performed. With the following test data "File Path: "src/test/resources/testDataFiles/QuotationReport.json"".
[INFO ] 2025-12-23 16:19:51.279 [main] ReportManager - File Action "GetAbsolutePath" successfully performed. With the following test data "Relative Folder Path: "src/test/resources/testDataFiles/QuotationReport.json"".
[DEBUG] 2025-12-23 16:19:51.676 [main] cache - Couldn't find template in cache for "codeblock.ftl"("en_US", UTF-8, parsed); will try to load it.
[DEBUG] 2025-12-23 16:19:51.677 [main] cache - TemplateLoader.findTemplateSource("codeblock_en_US.ftl"): Not found
[DEBUG] 2025-12-23 16:19:51.678 [main] cache - TemplateLoader.findTemplateSource("codeblock_en.ftl"): Not found
[DEBUG] 2025-12-23 16:19:51.678 [main] cache - TemplateLoader.findTemplateSource("codeblock.ftl"): Found
[DEBUG] 2025-12-23 16:19:51.679 [main] cache - Loading template for "codeblock.ftl"("en_US", UTF-8, parsed) from "jar:file:/C:/m2repo/com/aventstack/extentreports/5.1.0/extentreports-5.1.0.jar!/com/aventstack/extentreports/markup/codeblock.ftl"
[DEBUG] 2025-12-23 16:19:51.823 [main] cache - Couldn't find template in cache for "codeblock.json.ftl"("en_US", UTF-8, parsed); will try to load it.
[DEBUG] 2025-12-23 16:19:51.824 [main] cache - TemplateLoader.findTemplateSource("codeblock.json_en_US.ftl"): Not found
[DEBUG] 2025-12-23 16:19:51.824 [main] cache - TemplateLoader.findTemplateSource("codeblock.json_en.ftl"): Not found
[DEBUG] 2025-12-23 16:19:51.824 [main] cache - TemplateLoader.findTemplateSource("codeblock.json.ftl"): Found
[DEBUG] 2025-12-23 16:19:51.824 [main] cache - Loading template for "codeblock.json.ftl"("en_US", UTF-8, parsed) from "jar:file:/C:/m2repo/com/aventstack/extentreports/5.1.0/extentreports-5.1.0.jar!/com/aventstack/extentreports/markup/codeblock.json.ftl"
[INFO ] 2025-12-23 16:19:51.850 [main] ReportManager - Successfully created attachment 'Test Data - JSON'
[INFO ] 2025-12-23 16:19:52.043 [main] ReportManager - Moved the mouse to the middle of the element.
[INFO ] 2025-12-23 16:19:52.108 [main] ReportManager - Click "dropdown trigger".
[INFO ] 2025-12-23 16:19:53.197 [main] ReportManager - Moved the mouse to the middle of the element.
[INFO ] 2025-12-23 16:19:53.266 [main] ReportManager - Click "Test".
[INFO ] 2025-12-23 16:19:53.462 [main] ReportManager - Moved the mouse to the middle of the element.
[INFO ] 2025-12-23 16:19:53.518 [main] ReportManager - Click "By.xpath: (//div[@class='p-multiselect-trigger'])[1]".
[INFO ] 2025-12-23 16:19:53.727 [main] ReportManager - Moved the mouse to the middle of the element.
[INFO ] 2025-12-23 16:19:53.783 [main] ReportManager - Click "By.xpath: //div[@role='checkbox']".
[INFO ] 2025-12-23 16:19:53.960 [main] ReportManager - Moved the mouse to the middle of the element.
[INFO ] 2025-12-23 16:19:54.018 [main] ReportManager - Click "î¤‹".
[INFO ] 2025-12-23 16:19:54.209 [main] ReportManager - Moved the mouse to the middle of the element.
[INFO ] 2025-12-23 16:19:54.250 [main] ReportManager - Click "By.xpath: (//p-radiobutton)[1]".
[INFO ] 2025-12-23 16:19:54.429 [main] ReportManager - Moved the mouse to the middle of the element.
[INFO ] 2025-12-23 16:19:54.501 [main] ReportManager - Click "By.xpath: (//p-radiobutton)[5]".
[INFO ] 2025-12-23 16:20:22.166 [main] ReportManager - Moved the mouse to the middle of the element.
[INFO ] 2025-12-23 16:20:22.233 [main] ReportManager - Click "Export To Excel î¥ƒ".
[INFO ] 2025-12-23 16:20:22.429 [main] ReportManager - Moved the mouse to the middle of the element.
[INFO ] 2025-12-23 16:20:22.497 [main] ReportManager - Click "î¤²".
[INFO ] 2025-12-23 16:20:22.592 [main] ReportManager - Get text "Quotation reports" from "By.xpath: (//P)[2]".
[INFO ] 2025-12-23 16:20:22.594 [main] ReportManager - File Action "DoesFileExist" successfully performed. With the following test data "File Path: "src/test/resources/testDataFiles/QuotationReport.json"".
[INFO ] 2025-12-23 16:20:22.595 [main] ReportManager - File Action "GetAbsolutePath" successfully performed. With the following test data "Relative Folder Path: "src/test/resources/testDataFiles/QuotationReport.json"".
[INFO ] 2025-12-23 16:20:24.362 [main] ReportManager - Successfully created attachment 'SHAFT Engine Logs - Current Method log: VerifyThatUserCanPaginateTheResult'
[INFO ] 2025-12-23 16:20:24.362 [main] ReportManager - 
[0;7m------------------------------------------------------------------------------------------------------------------------------------------------
                Finished Execution of Test Method: 'AdminPages.Reports.Quotation.QuotationTCs.VerifyThatUserCanPaginateTheResult'                
                                                              Test Status: 'Failed'                                                              
------------------------------------------------------------------------------------------------------------------------------------------------
[0m
[INFO ] 2025-12-23 16:20:24.488 [main] ReportManager - 
[0;7m------------------------------------------------------------------------------------------------------------------------------------------------
                                         Starting execution of navigate back to url configuration method                                         
                                          'AdminPages.Reports.Quotation.QuotationTCs.navigateBackToURL'                                          
------------------------------------------------------------------------------------------------------------------------------------------------
[0m
[INFO ] 2025-12-23 16:20:24.546 [main] ReportManager - Target URL: "http://192.168.1.90"
[INFO ] 2025-12-23 16:20:24.606 [main] ReportManager - Initial URL: "http://192.168.1.90/reports/reports/quotation"
[INFO ] 2025-12-23 16:20:24.904 [main] ReportManager - Navigate to url "http://192.168.1.90".
[ERROR] 2025-12-23 16:20:24.913 [main] AllureLifecycle - Could not add attachment: no test is running
[INFO ] 2025-12-23 16:20:24.914 [main] ReportManager - Successfully created attachment 'SHAFT Engine Logs - Current Method log: navigateBackToURL'
[INFO ] 2025-12-23 16:20:24.926 [main] ReportManager - 
[0;7m------------------------------------------------------------------------------------------------------------------------------------------------
                                        Starting Execution: '2 out of 10' test cases in the current suite                                        
                          Test Method: 'AdminPages.Reports.Quotation.QuotationTCs.VerifyThatUserCanSearchWithAllFields'                          
------------------------------------------------------------------------------------------------------------------------------------------------
[0m
[INFO ] 2025-12-23 16:20:25.310 [main] ReportManager - Moved the mouse to the middle of the element.
[INFO ] 2025-12-23 16:20:25.424 [main] ReportManager - Click "Reports".
[INFO ] 2025-12-23 16:20:25.637 [main] ReportManager - Moved the mouse to the middle of the element.
[INFO ] 2025-12-23 16:20:25.742 [main] ReportManager - Click "î¥˜ Quotation Report".
[INFO ] 2025-12-23 16:20:25.743 [main] ReportManager - File Action "DoesFileExist" successfully performed. With the following test data "File Path: "QuotationReport.json"".
[INFO ] 2025-12-23 16:20:25.744 [main] ReportManager - File Action "DoesFileExist" successfully performed. With the following test data "File Path: "src/test/resources/testDataFiles/QuotationReport.json"".
[INFO ] 2025-12-23 16:20:25.744 [main] ReportManager - File Action "GetAbsolutePath" successfully performed. With the following test data "Relative Folder Path: "src/test/resources/testDataFiles/QuotationReport.json"".
[INFO ] 2025-12-23 16:20:25.745 [main] ReportManager - Successfully created attachment 'Test Data - JSON'
[INFO ] 2025-12-23 16:20:25.930 [main] ReportManager - Moved the mouse to the middle of the element.
[INFO ] 2025-12-23 16:20:25.990 [main] ReportManager - Click "dropdown trigger".
[INFO ] 2025-12-23 16:20:28.719 [main] ReportManager - Moved the mouse to the middle of the element.
[INFO ] 2025-12-23 16:20:28.808 [main] ReportManager - Click "Test".
[INFO ] 2025-12-23 16:20:29.044 [main] ReportManager - Moved the mouse to the middle of the element.
[INFO ] 2025-12-23 16:20:29.125 [main] ReportManager - Click "By.xpath: (//div[@class='p-multiselect-trigger'])[1]".
[INFO ] 2025-12-23 16:20:29.340 [main] ReportManager - Moved the mouse to the middle of the element.
[INFO ] 2025-12-23 16:20:29.548 [main] ReportManager - Click "By.xpath: //div[@role='checkbox']".
[INFO ] 2025-12-23 16:20:29.749 [main] ReportManager - Moved the mouse to the middle of the element.
[INFO ] 2025-12-23 16:20:29.839 [main] ReportManager - Click "î¤‹".
[INFO ] 2025-12-23 16:20:29.842 [main] ReportManager - File Action "DoesFileExist" successfully performed. With the following test data "File Path: "src/test/resources/testDataFiles/QuotationReport.json"".
[INFO ] 2025-12-23 16:20:29.843 [main] ReportManager - File Action "GetAbsolutePath" successfully performed. With the following test data "Relative Folder Path: "src/test/resources/testDataFiles/QuotationReport.json"".
[INFO ] 2025-12-23 16:20:30.122 [main] ReportManager - Type "Muhamd Gamal" into "Name".
[INFO ] 2025-12-23 16:20:30.124 [main] ReportManager - File Action "DoesFileExist" successfully performed. With the following test data "File Path: "src/test/resources/testDataFiles/QuotationReport.json"".
[INFO ] 2025-12-23 16:20:30.124 [main] ReportManager - File Action "GetAbsolutePath" successfully performed. With the following test data "Relative Folder Path: "src/test/resources/testDataFiles/QuotationReport.json"".
[INFO ] 2025-12-23 16:20:30.448 [main] ReportManager - Type "wovinef909@nike4s.com" into "Email ID".
[INFO ] 2025-12-23 16:20:30.449 [main] ReportManager - File Action "DoesFileExist" successfully performed. With the following test data "File Path: "src/test/resources/testDataFiles/QuotationReport.json"".
[INFO ] 2025-12-23 16:20:30.451 [main] ReportManager - File Action "GetAbsolutePath" successfully performed. With the following test data "Relative Folder Path: "src/test/resources/testDataFiles/QuotationReport.json"".
[INFO ] 2025-12-23 16:20:30.716 [main] ReportManager - Type "EGAGN2BRN2250216EVjEye" into "Quotes No.".
[INFO ] 2025-12-23 16:20:30.900 [main] ReportManager - Moved the mouse to the middle of the element.
[INFO ] 2025-12-23 16:20:31.062 [main] ReportManager - Click "By.xpath: (//div[@class='p-multiselect-trigger'])[2]".
[INFO ] 2025-12-23 16:20:31.276 [main] ReportManager - Moved the mouse to the middle of the element.
[INFO ] 2025-12-23 16:20:31.356 [main] ReportManager - Click "By.xpath: //div[@role='checkbox']".
[INFO ] 2025-12-23 16:20:31.586 [main] ReportManager - Moved the mouse to the middle of the element.
[INFO ] 2025-12-23 16:20:31.700 [main] ReportManager - Click "î¤‹".
[INFO ] 2025-12-23 16:20:31.915 [main] ReportManager - Moved the mouse to the middle of the element.
[INFO ] 2025-12-23 16:20:31.987 [main] ReportManager - Click "By.xpath: (//p-radiobutton)[1]".
[INFO ] 2025-12-23 16:20:32.165 [main] ReportManager - Moved the mouse to the middle of the element.
[INFO ] 2025-12-23 16:20:32.274 [main] ReportManager - Click "By.xpath: (//p-radiobutton)[5]".
[INFO ] 2025-12-23 16:21:33.399 [main] ReportManager - Expected condition failed: waiting for com.shaft.gui.element.internal.ElementActionsHelper$$Lambda$826/0x000001a29248b1e0@751c5975 (tried for 60 second(s) with 100 milliseconds interval) || no such element: Unable to locate element: {"method":"xpath","selector":"//button[@label='Primary']"}
[INFO ] 2025-12-23 16:21:34.464 [main] ReportManager - Successfully created attachment 'Screenshot - 1766499693581_VerifyThatUserCanSearchWithAllFields_Click_failed'
[INFO ] 2025-12-23 16:21:34.466 [main] ReportManager - Successfully created attachment 'Element Action Exception - Click - Stacktrace'
[INFO ] 2025-12-23 16:21:34.468 [main] ReportManager - Successfully created attachment 'SHAFT Engine Logs - Current Method log: VerifyThatUserCanSearchWithAllFields'
[INFO ] 2025-12-23 16:21:34.469 [main] ReportManager - 
[0;7m------------------------------------------------------------------------------------------------------------------------------------------------
               Finished Execution of Test Method: 'AdminPages.Reports.Quotation.QuotationTCs.VerifyThatUserCanSearchWithAllFields'               
                                                              Test Status: 'Failed'                                                              
------------------------------------------------------------------------------------------------------------------------------------------------
[0m
[INFO ] 2025-12-23 16:21:34.477 [main] ReportManager - 
[0;7m------------------------------------------------------------------------------------------------------------------------------------------------
                                         Starting execution of navigate back to url configuration method                                         
                                          'AdminPages.Reports.Quotation.QuotationTCs.navigateBackToURL'                                          
------------------------------------------------------------------------------------------------------------------------------------------------
[0m
[INFO ] 2025-12-23 16:21:34.490 [main] ReportManager - Target URL: "http://192.168.1.90"
[INFO ] 2025-12-23 16:21:34.505 [main] ReportManager - Initial URL: "http://192.168.1.90/reports/reports/quotation"
[INFO ] 2025-12-23 16:21:34.765 [main] ReportManager - Navigate to url "http://192.168.1.90".
[ERROR] 2025-12-23 16:21:34.767 [main] AllureLifecycle - Could not add attachment: no test is running
[INFO ] 2025-12-23 16:21:34.769 [main] ReportManager - Successfully created attachment 'SHAFT Engine Logs - Current Method log: navigateBackToURL'
[INFO ] 2025-12-23 16:21:34.773 [main] ReportManager - 
[0;7m------------------------------------------------------------------------------------------------------------------------------------------------
                                        Starting Execution: '3 out of 10' test cases in the current suite                                        
                       Test Method: 'AdminPages.Reports.Quotation.QuotationTCs.VerifyThatUserCanSearchWithBranchAndAgency'                       
------------------------------------------------------------------------------------------------------------------------------------------------
[0m
[INFO ] 2025-12-23 16:21:35.262 [main] ReportManager - Moved the mouse to the middle of the element.
[INFO ] 2025-12-23 16:21:35.317 [main] ReportManager - Click "Reports".
[INFO ] 2025-12-23 16:21:35.559 [main] ReportManager - Moved the mouse to the middle of the element.
[INFO ] 2025-12-23 16:21:35.627 [main] ReportManager - Click "î¥˜ Quotation Report".
[INFO ] 2025-12-23 16:21:35.627 [main] ReportManager - File Action "DoesFileExist" successfully performed. With the following test data "File Path: "QuotationReport.json"".
[INFO ] 2025-12-23 16:21:35.628 [main] ReportManager - File Action "DoesFileExist" successfully performed. With the following test data "File Path: "src/test/resources/testDataFiles/QuotationReport.json"".
[INFO ] 2025-12-23 16:21:35.628 [main] ReportManager - File Action "GetAbsolutePath" successfully performed. With the following test data "Relative Folder Path: "src/test/resources/testDataFiles/QuotationReport.json"".
[INFO ] 2025-12-23 16:21:35.631 [main] ReportManager - Successfully created attachment 'Test Data - JSON'
[INFO ] 2025-12-23 16:21:35.811 [main] ReportManager - Moved the mouse to the middle of the element.
[INFO ] 2025-12-23 16:21:35.890 [main] ReportManager - Click "dropdown trigger".
[INFO ] 2025-12-23 16:21:37.533 [main] ReportManager - Moved the mouse to the middle of the element.
[INFO ] 2025-12-23 16:21:37.624 [main] ReportManager - Click "Test".
[INFO ] 2025-12-23 16:21:37.791 [main] ReportManager - Moved the mouse to the middle of the element.
[INFO ] 2025-12-23 16:21:37.847 [main] ReportManager - Click "By.xpath: (//div[@class='p-multiselect-trigger'])[1]".
[INFO ] 2025-12-23 16:21:38.027 [main] ReportManager - Moved the mouse to the middle of the element.
[INFO ] 2025-12-23 16:21:38.078 [main] ReportManager - Click "By.xpath: //div[@role='checkbox']".
[INFO ] 2025-12-23 16:21:38.261 [main] ReportManager - Moved the mouse to the middle of the element.
[INFO ] 2025-12-23 16:21:38.321 [main] ReportManager - Click "î¤‹".
[INFO ] 2025-12-23 16:21:38.505 [main] ReportManager - Moved the mouse to the middle of the element.
[INFO ] 2025-12-23 16:21:38.556 [main] ReportManager - Click "By.xpath: (//p-radiobutton)[1]".
[INFO ] 2025-12-23 16:21:38.729 [main] ReportManager - Moved the mouse to the middle of the element.
[INFO ] 2025-12-23 16:21:38.811 [main] ReportManager - Click "By.xpath: (//p-radiobutton)[5]".
[INFO ] 2025-12-23 16:22:39.862 [main] ReportManager - Expected condition failed: waiting for com.shaft.gui.element.internal.ElementActionsHelper$$Lambda$826/0x000001a29248b1e0@7c5e1d14 (tried for 60 second(s) with 100 milliseconds interval) || no such element: Unable to locate element: {"method":"xpath","selector":"//button[@label='Primary']"}
[INFO ] 2025-12-23 16:22:40.136 [main] ReportManager - Successfully created attachment 'Screenshot - 1766499760010_VerifyThatUserCanSearchWithBranchAndAgency_Click_failed'
[INFO ] 2025-12-23 16:22:40.136 [main] ReportManager - Successfully created attachment 'Element Action Exception - Click - Stacktrace'
[INFO ] 2025-12-23 16:22:40.140 [main] ReportManager - Successfully created attachment 'SHAFT Engine Logs - Current Method log: VerifyThatUserCanSearchWithBranchAndAgency'
[INFO ] 2025-12-23 16:22:40.141 [main] ReportManager - 
[0;7m------------------------------------------------------------------------------------------------------------------------------------------------
            Finished Execution of Test Method: 'AdminPages.Reports.Quotation.QuotationTCs.VerifyThatUserCanSearchWithBranchAndAgency'            
                                                              Test Status: 'Failed'                                                              
------------------------------------------------------------------------------------------------------------------------------------------------
[0m
[INFO ] 2025-12-23 16:22:40.147 [main] ReportManager - 
[0;7m------------------------------------------------------------------------------------------------------------------------------------------------
                                         Starting execution of navigate back to url configuration method                                         
                                          'AdminPages.Reports.Quotation.QuotationTCs.navigateBackToURL'                                          
------------------------------------------------------------------------------------------------------------------------------------------------
[0m
[INFO ] 2025-12-23 16:22:40.161 [main] ReportManager - Target URL: "http://192.168.1.90"
[INFO ] 2025-12-23 16:22:40.178 [main] ReportManager - Initial URL: "http://192.168.1.90/reports/reports/quotation"
[INFO ] 2025-12-23 16:22:40.451 [main] ReportManager - Navigate to url "http://192.168.1.90".
[ERROR] 2025-12-23 16:22:40.465 [main] AllureLifecycle - Could not add attachment: no test is running
[INFO ] 2025-12-23 16:22:40.466 [main] ReportManager - Successfully created attachment 'SHAFT Engine Logs - Current Method log: navigateBackToURL'
[INFO ] 2025-12-23 16:22:40.470 [main] ReportManager - 
[0;7m------------------------------------------------------------------------------------------------------------------------------------------------
                                        Starting Execution: '4 out of 10' test cases in the current suite                                        
               Test Method: 'AdminPages.Reports.Quotation.QuotationTCs.VerifyThatUserCanSearchWithBranchAndAgencyWithSpecificDate'               
------------------------------------------------------------------------------------------------------------------------------------------------
[0m
[INFO ] 2025-12-23 16:22:40.942 [main] ReportManager - Moved the mouse to the middle of the element.
[INFO ] 2025-12-23 16:22:41.021 [main] ReportManager - Click "Reports".
[INFO ] 2025-12-23 16:22:41.239 [main] ReportManager - Moved the mouse to the middle of the element.
[INFO ] 2025-12-23 16:22:41.323 [main] ReportManager - Click "î¥˜ Quotation Report".
[INFO ] 2025-12-23 16:22:41.324 [main] ReportManager - File Action "DoesFileExist" successfully performed. With the following test data "File Path: "QuotationReport.json"".
[INFO ] 2025-12-23 16:22:41.324 [main] ReportManager - File Action "DoesFileExist" successfully performed. With the following test data "File Path: "src/test/resources/testDataFiles/QuotationReport.json"".
[INFO ] 2025-12-23 16:22:41.324 [main] ReportManager - File Action "GetAbsolutePath" successfully performed. With the following test data "Relative Folder Path: "src/test/resources/testDataFiles/QuotationReport.json"".
[INFO ] 2025-12-23 16:22:41.326 [main] ReportManager - Successfully created attachment 'Test Data - JSON'
[INFO ] 2025-12-23 16:22:41.505 [main] ReportManager - Moved the mouse to the middle of the element.
[INFO ] 2025-12-23 16:22:41.550 [main] ReportManager - Click "dropdown trigger".
[INFO ] 2025-12-23 16:22:43.353 [main] ReportManager - Moved the mouse to the middle of the element.
[INFO ] 2025-12-23 16:22:43.453 [main] ReportManager - Click "Test".
[INFO ] 2025-12-23 16:22:43.634 [main] ReportManager - Moved the mouse to the middle of the element.
[INFO ] 2025-12-23 16:22:43.721 [main] ReportManager - Click "By.xpath: (//div[@class='p-multiselect-trigger'])[1]".
[INFO ] 2025-12-23 16:22:43.920 [main] ReportManager - Moved the mouse to the middle of the element.
[INFO ] 2025-12-23 16:22:44.022 [main] ReportManager - Click "By.xpath: //div[@role='checkbox']".
[INFO ] 2025-12-23 16:22:44.214 [main] ReportManager - Moved the mouse to the middle of the element.
[INFO ] 2025-12-23 16:22:44.261 [main] ReportManager - Click "î¤‹".
[INFO ] 2025-12-23 16:22:44.448 [main] ReportManager - Moved the mouse to the middle of the element.
[INFO ] 2025-12-23 16:22:44.490 [main] ReportManager - Click "By.xpath: (//p-radiobutton)[1]".
[INFO ] 2025-12-23 16:22:44.651 [main] ReportManager - Moved the mouse to the middle of the element.
[INFO ] 2025-12-23 16:22:44.701 [main] ReportManager - Click "By.xpath: (//p-radiobutton)[5]".
[INFO ] 2025-12-23 16:22:45.715 [main] ReportManager - File Action "DoesFileExist" successfully performed. With the following test data "File Path: "src/test/resources/testDataFiles/QuotationReport.json"".
[INFO ] 2025-12-23 16:22:45.716 [main] ReportManager - File Action "GetAbsolutePath" successfully performed. With the following test data "Relative Folder Path: "src/test/resources/testDataFiles/QuotationReport.json"".
[INFO ] 2025-12-23 16:22:45.907 [main] ReportManager - Type "01/01/2025" into "From Date".
[INFO ] 2025-12-23 16:22:45.908 [main] ReportManager - File Action "DoesFileExist" successfully performed. With the following test data "File Path: "src/test/resources/testDataFiles/QuotationReport.json"".
[INFO ] 2025-12-23 16:22:45.908 [main] ReportManager - File Action "GetAbsolutePath" successfully performed. With the following test data "Relative Folder Path: "src/test/resources/testDataFiles/QuotationReport.json"".
[INFO ] 2025-12-23 16:22:46.109 [main] ReportManager - Type "28/02/2025" into "To Date".
[INFO ] 2025-12-23 16:23:46.231 [main] ReportManager - Expected condition failed: waiting for com.shaft.gui.element.internal.ElementActionsHelper$$Lambda$826/0x000001a29248b1e0@381b1934 (tried for 60 second(s) with 100 milliseconds interval) || no such element: Unable to locate element: {"method":"xpath","selector":"//button[@label='Primary']"}
[INFO ] 2025-12-23 16:23:46.508 [main] ReportManager - Successfully created attachment 'Screenshot - 1766499826414_VerifyThatUserCanSearchWithBranchAndAgencyWithSpecificDate_Click_failed'
[INFO ] 2025-12-23 16:23:46.509 [main] ReportManager - Successfully created attachment 'Element Action Exception - Click - Stacktrace'
[INFO ] 2025-12-23 16:23:46.514 [main] ReportManager - Successfully created attachment 'SHAFT Engine Logs - Current Method log: VerifyThatUserCanSearchWithBranchAndAgencyWithSpecificDate'
[INFO ] 2025-12-23 16:23:46.514 [main] ReportManager - 
[0;7m------------------------------------------------------------------------------------------------------------------------------------------------
    Finished Execution of Test Method: 'AdminPages.Reports.Quotation.QuotationTCs.VerifyThatUserCanSearchWithBranchAndAgencyWithSpecificDate'    
                                                              Test Status: 'Failed'                                                              
------------------------------------------------------------------------------------------------------------------------------------------------
[0m
[INFO ] 2025-12-23 16:23:46.524 [main] ReportManager - 
[0;7m------------------------------------------------------------------------------------------------------------------------------------------------
                                         Starting execution of navigate back to url configuration method                                         
                                          'AdminPages.Reports.Quotation.QuotationTCs.navigateBackToURL'                                          
------------------------------------------------------------------------------------------------------------------------------------------------
[0m
[INFO ] 2025-12-23 16:23:46.538 [main] ReportManager - Target URL: "http://192.168.1.90"
[INFO ] 2025-12-23 16:23:46.555 [main] ReportManager - Initial URL: "http://192.168.1.90/reports/reports/quotation"
[INFO ] 2025-12-23 16:23:46.798 [main] ReportManager - Navigate to url "http://192.168.1.90".
[ERROR] 2025-12-23 16:23:46.806 [main] AllureLifecycle - Could not add attachment: no test is running
[INFO ] 2025-12-23 16:23:46.807 [main] ReportManager - Successfully created attachment 'SHAFT Engine Logs - Current Method log: navigateBackToURL'
[INFO ] 2025-12-23 16:23:46.810 [main] ReportManager - 
[0;7m------------------------------------------------------------------------------------------------------------------------------------------------
                                        Starting Execution: '5 out of 10' test cases in the current suite                                        
                Test Method: 'AdminPages.Reports.Quotation.QuotationTCs.VerifyThatUserCanSearchWithBranchAndAgencyWithTravelDate'                
------------------------------------------------------------------------------------------------------------------------------------------------
[0m
[INFO ] 2025-12-23 16:23:47.188 [main] ReportManager - Moved the mouse to the middle of the element.
[INFO ] 2025-12-23 16:23:47.261 [main] ReportManager - Click "Reports".
[INFO ] 2025-12-23 16:23:47.499 [main] ReportManager - Moved the mouse to the middle of the element.
[INFO ] 2025-12-23 16:23:47.568 [main] ReportManager - Click "î¥˜ Quotation Report".
[INFO ] 2025-12-23 16:23:47.568 [main] ReportManager - File Action "DoesFileExist" successfully performed. With the following test data "File Path: "QuotationReport.json"".
[INFO ] 2025-12-23 16:23:47.570 [main] ReportManager - File Action "DoesFileExist" successfully performed. With the following test data "File Path: "src/test/resources/testDataFiles/QuotationReport.json"".
[INFO ] 2025-12-23 16:23:47.570 [main] ReportManager - File Action "GetAbsolutePath" successfully performed. With the following test data "Relative Folder Path: "src/test/resources/testDataFiles/QuotationReport.json"".
[INFO ] 2025-12-23 16:23:47.572 [main] ReportManager - Successfully created attachment 'Test Data - JSON'
[INFO ] 2025-12-23 16:23:47.749 [main] ReportManager - Moved the mouse to the middle of the element.
[INFO ] 2025-12-23 16:23:47.805 [main] ReportManager - Click "dropdown trigger".
[INFO ] 2025-12-23 16:23:49.707 [main] ReportManager - Moved the mouse to the middle of the element.
[INFO ] 2025-12-23 16:23:49.785 [main] ReportManager - Click "Test".
[INFO ] 2025-12-23 16:23:49.989 [main] ReportManager - Moved the mouse to the middle of the element.
[INFO ] 2025-12-23 16:23:50.087 [main] ReportManager - Click "By.xpath: (//div[@class='p-multiselect-trigger'])[1]".
[INFO ] 2025-12-23 16:23:50.268 [main] ReportManager - Moved the mouse to the middle of the element.
[INFO ] 2025-12-23 16:23:50.360 [main] ReportManager - Click "By.xpath: //div[@role='checkbox']".
[INFO ] 2025-12-23 16:23:50.551 [main] ReportManager - Moved the mouse to the middle of the element.
[INFO ] 2025-12-23 16:23:50.607 [main] ReportManager - Click "î¤‹".
[INFO ] 2025-12-23 16:23:50.801 [main] ReportManager - Moved the mouse to the middle of the element.
[INFO ] 2025-12-23 16:23:50.844 [main] ReportManager - Click "By.xpath: (//p-radiobutton)[2]".
[INFO ] 2025-12-23 16:23:51.018 [main] ReportManager - Moved the mouse to the middle of the element.
[INFO ] 2025-12-23 16:23:51.076 [main] ReportManager - Click "By.xpath: (//p-radiobutton)[5]".
[INFO ] 2025-12-23 16:24:52.207 [main] ReportManager - Expected condition failed: waiting for com.shaft.gui.element.internal.ElementActionsHelper$$Lambda$826/0x000001a29248b1e0@24d2c2b5 (tried for 60 second(s) with 100 milliseconds interval) || no such element: Unable to locate element: {"method":"xpath","selector":"//button[@label='Primary']"}
[INFO ] 2025-12-23 16:24:52.482 [main] ReportManager - Successfully created attachment 'Screenshot - 1766499892369_VerifyThatUserCanSearchWithBranchAndAgencyWithTravelDate_Click_failed'
[INFO ] 2025-12-23 16:24:52.482 [main] ReportManager - Successfully created attachment 'Element Action Exception - Click - Stacktrace'
[INFO ] 2025-12-23 16:24:52.483 [main] ReportManager - Successfully created attachment 'SHAFT Engine Logs - Current Method log: VerifyThatUserCanSearchWithBranchAndAgencyWithTravelDate'
[INFO ] 2025-12-23 16:24:52.483 [main] ReportManager - 
[0;7m------------------------------------------------------------------------------------------------------------------------------------------------
     Finished Execution of Test Method: 'AdminPages.Reports.Quotation.QuotationTCs.VerifyThatUserCanSearchWithBranchAndAgencyWithTravelDate'     
                                                              Test Status: 'Failed'                                                              
------------------------------------------------------------------------------------------------------------------------------------------------
[0m
[INFO ] 2025-12-23 16:24:52.490 [main] ReportManager - 
[0;7m------------------------------------------------------------------------------------------------------------------------------------------------
                                         Starting execution of navigate back to url configuration method                                         
                                          'AdminPages.Reports.Quotation.QuotationTCs.navigateBackToURL'                                          
------------------------------------------------------------------------------------------------------------------------------------------------
[0m
[INFO ] 2025-12-23 16:24:52.499 [main] ReportManager - Target URL: "http://192.168.1.90"
[INFO ] 2025-12-23 16:24:52.513 [main] ReportManager - Initial URL: "http://192.168.1.90/reports/reports/quotation"
[INFO ] 2025-12-23 16:24:52.760 [main] ReportManager - Navigate to url "http://192.168.1.90".
[ERROR] 2025-12-23 16:24:52.768 [main] AllureLifecycle - Could not add attachment: no test is running
[INFO ] 2025-12-23 16:24:52.769 [main] ReportManager - Successfully created attachment 'SHAFT Engine Logs - Current Method log: navigateBackToURL'
[INFO ] 2025-12-23 16:24:52.771 [main] ReportManager - 
[0;7m------------------------------------------------------------------------------------------------------------------------------------------------
                                        Starting Execution: '6 out of 10' test cases in the current suite                                        
                           Test Method: 'AdminPages.Reports.Quotation.QuotationTCs.VerifyThatUserCanSearchWithEmailID'                           
------------------------------------------------------------------------------------------------------------------------------------------------
[0m
[INFO ] 2025-12-23 16:24:53.232 [main] ReportManager - Moved the mouse to the middle of the element.
[INFO ] 2025-12-23 16:24:53.304 [main] ReportManager - Click "Reports".
[INFO ] 2025-12-23 16:24:53.531 [main] ReportManager - Moved the mouse to the middle of the element.
[INFO ] 2025-12-23 16:24:53.610 [main] ReportManager - Click "î¥˜ Quotation Report".
[INFO ] 2025-12-23 16:24:53.610 [main] ReportManager - File Action "DoesFileExist" successfully performed. With the following test data "File Path: "QuotationReport.json"".
[INFO ] 2025-12-23 16:24:53.611 [main] ReportManager - File Action "DoesFileExist" successfully performed. With the following test data "File Path: "src/test/resources/testDataFiles/QuotationReport.json"".
[INFO ] 2025-12-23 16:24:53.611 [main] ReportManager - File Action "GetAbsolutePath" successfully performed. With the following test data "Relative Folder Path: "src/test/resources/testDataFiles/QuotationReport.json"".
[INFO ] 2025-12-23 16:24:53.613 [main] ReportManager - Successfully created attachment 'Test Data - JSON'
[INFO ] 2025-12-23 16:24:53.778 [main] ReportManager - Moved the mouse to the middle of the element.
[INFO ] 2025-12-23 16:24:53.834 [main] ReportManager - Click "dropdown trigger".
[INFO ] 2025-12-23 16:24:55.600 [main] ReportManager - Moved the mouse to the middle of the element.
[INFO ] 2025-12-23 16:24:55.657 [main] ReportManager - Click "Test".
[INFO ] 2025-12-23 16:24:55.833 [main] ReportManager - Moved the mouse to the middle of the element.
[INFO ] 2025-12-23 16:24:55.887 [main] ReportManager - Click "By.xpath: (//div[@class='p-multiselect-trigger'])[1]".
[INFO ] 2025-12-23 16:24:56.072 [main] ReportManager - Moved the mouse to the middle of the element.
[INFO ] 2025-12-23 16:24:56.157 [main] ReportManager - Click "By.xpath: //div[@role='checkbox']".
[INFO ] 2025-12-23 16:24:56.337 [main] ReportManager - Moved the mouse to the middle of the element.
[INFO ] 2025-12-23 16:24:56.394 [main] ReportManager - Click "î¤‹".
[INFO ] 2025-12-23 16:24:56.395 [main] ReportManager - File Action "DoesFileExist" successfully performed. With the following test data "File Path: "src/test/resources/testDataFiles/QuotationReport.json"".
[INFO ] 2025-12-23 16:24:56.395 [main] ReportManager - File Action "GetAbsolutePath" successfully performed. With the following test data "Relative Folder Path: "src/test/resources/testDataFiles/QuotationReport.json"".
[INFO ] 2025-12-23 16:24:56.579 [main] ReportManager - Type "wovinef909@nike4s.com" into "Email ID".
[INFO ] 2025-12-23 16:24:56.758 [main] ReportManager - Moved the mouse to the middle of the element.
[INFO ] 2025-12-23 16:24:56.797 [main] ReportManager - Click "By.xpath: (//p-radiobutton)[1]".
[INFO ] 2025-12-23 16:24:56.979 [main] ReportManager - Moved the mouse to the middle of the element.
[INFO ] 2025-12-23 16:24:57.055 [main] ReportManager - Click "By.xpath: (//p-radiobutton)[5]".
[INFO ] 2025-12-23 16:25:58.183 [main] ReportManager - Expected condition failed: waiting for com.shaft.gui.element.internal.ElementActionsHelper$$Lambda$826/0x000001a29248b1e0@475d6448 (tried for 60 second(s) with 100 milliseconds interval) || no such element: Unable to locate element: {"method":"xpath","selector":"//button[@label='Primary']"}
[INFO ] 2025-12-23 16:25:58.461 [main] ReportManager - Successfully created attachment 'Screenshot - 1766499958359_VerifyThatUserCanSearchWithEmailID_Click_failed'
[INFO ] 2025-12-23 16:25:58.463 [main] ReportManager - Successfully created attachment 'Element Action Exception - Click - Stacktrace'
[INFO ] 2025-12-23 16:25:58.464 [main] ReportManager - Successfully created attachment 'SHAFT Engine Logs - Current Method log: VerifyThatUserCanSearchWithEmailID'
[INFO ] 2025-12-23 16:25:58.464 [main] ReportManager - 
[0;7m------------------------------------------------------------------------------------------------------------------------------------------------
                Finished Execution of Test Method: 'AdminPages.Reports.Quotation.QuotationTCs.VerifyThatUserCanSearchWithEmailID'                
                                                              Test Status: 'Failed'                                                              
------------------------------------------------------------------------------------------------------------------------------------------------
[0m
[INFO ] 2025-12-23 16:25:58.467 [main] ReportManager - 
[0;7m------------------------------------------------------------------------------------------------------------------------------------------------
                                         Starting execution of navigate back to url configuration method                                         
                                          'AdminPages.Reports.Quotation.QuotationTCs.navigateBackToURL'                                          
------------------------------------------------------------------------------------------------------------------------------------------------
[0m
[INFO ] 2025-12-23 16:25:58.478 [main] ReportManager - Target URL: "http://192.168.1.90"
[INFO ] 2025-12-23 16:25:58.492 [main] ReportManager - Initial URL: "http://192.168.1.90/reports/reports/quotation"
[INFO ] 2025-12-23 16:25:58.692 [main] ReportManager - Navigate to url "http://192.168.1.90".
[ERROR] 2025-12-23 16:25:58.701 [main] AllureLifecycle - Could not add attachment: no test is running
[INFO ] 2025-12-23 16:25:58.703 [main] ReportManager - Successfully created attachment 'SHAFT Engine Logs - Current Method log: navigateBackToURL'
[INFO ] 2025-12-23 16:25:58.705 [main] ReportManager - 
[0;7m------------------------------------------------------------------------------------------------------------------------------------------------
                                        Starting Execution: '7 out of 10' test cases in the current suite                                        
                     Test Method: 'AdminPages.Reports.Quotation.QuotationTCs.VerifyThatUserCanSearchWithMandatoryFieldOnly'                     
------------------------------------------------------------------------------------------------------------------------------------------------
[0m
[INFO ] 2025-12-23 16:25:59.174 [main] ReportManager - Moved the mouse to the middle of the element.
[INFO ] 2025-12-23 16:25:59.317 [main] ReportManager - Click "Reports".
[INFO ] 2025-12-23 16:25:59.641 [main] ReportManager - Moved the mouse to the middle of the element.
[INFO ] 2025-12-23 16:25:59.720 [main] ReportManager - Click "î¥˜ Quotation Report".
[INFO ] 2025-12-23 16:25:59.721 [main] ReportManager - File Action "DoesFileExist" successfully performed. With the following test data "File Path: "QuotationReport.json"".
[INFO ] 2025-12-23 16:25:59.722 [main] ReportManager - File Action "DoesFileExist" successfully performed. With the following test data "File Path: "src/test/resources/testDataFiles/QuotationReport.json"".
[INFO ] 2025-12-23 16:25:59.724 [main] ReportManager - File Action "GetAbsolutePath" successfully performed. With the following test data "Relative Folder Path: "src/test/resources/testDataFiles/QuotationReport.json"".
[INFO ] 2025-12-23 16:25:59.726 [main] ReportManager - Successfully created attachment 'Test Data - JSON'
[INFO ] 2025-12-23 16:25:59.890 [main] ReportManager - Moved the mouse to the middle of the element.
[INFO ] 2025-12-23 16:26:00.066 [main] ReportManager - Click "dropdown trigger".
[INFO ] 2025-12-23 16:26:01.617 [main] ReportManager - Moved the mouse to the middle of the element.
[INFO ] 2025-12-23 16:26:01.683 [main] ReportManager - Click "Test".
[INFO ] 2025-12-23 16:26:01.852 [main] ReportManager - Moved the mouse to the middle of the element.
[INFO ] 2025-12-23 16:26:01.898 [main] ReportManager - Click "By.xpath: (//p-radiobutton)[1]".
[INFO ] 2025-12-23 16:26:02.086 [main] ReportManager - Moved the mouse to the middle of the element.
[INFO ] 2025-12-23 16:26:02.138 [main] ReportManager - Click "By.xpath: (//p-radiobutton)[5]".
[INFO ] 2025-12-23 16:27:03.196 [main] ReportManager - Expected condition failed: waiting for com.shaft.gui.element.internal.ElementActionsHelper$$Lambda$826/0x000001a29248b1e0@7ccfd4c6 (tried for 60 second(s) with 100 milliseconds interval) || no such element: Unable to locate element: {"method":"xpath","selector":"//button[@label='Primary']"}
[INFO ] 2025-12-23 16:27:03.451 [main] ReportManager - Successfully created attachment 'Screenshot - 1766500023331_VerifyThatUserCanSearchWithMandatoryFieldOnly_Click_failed'
[INFO ] 2025-12-23 16:27:03.458 [main] ReportManager - Successfully created attachment 'Element Action Exception - Click - Stacktrace'
[INFO ] 2025-12-23 16:27:03.460 [main] ReportManager - Successfully created attachment 'SHAFT Engine Logs - Current Method log: VerifyThatUserCanSearchWithMandatoryFieldOnly'
[INFO ] 2025-12-23 16:27:03.461 [main] ReportManager - 
[0;7m------------------------------------------------------------------------------------------------------------------------------------------------
          Finished Execution of Test Method: 'AdminPages.Reports.Quotation.QuotationTCs.VerifyThatUserCanSearchWithMandatoryFieldOnly'          
                                                              Test Status: 'Failed'                                                              
------------------------------------------------------------------------------------------------------------------------------------------------
[0m
[INFO ] 2025-12-23 16:27:03.464 [main] ReportManager - 
[0;7m------------------------------------------------------------------------------------------------------------------------------------------------
                                         Starting execution of navigate back to url configuration method                                         
                                          'AdminPages.Reports.Quotation.QuotationTCs.navigateBackToURL'                                          
------------------------------------------------------------------------------------------------------------------------------------------------
[0m
[INFO ] 2025-12-23 16:27:03.474 [main] ReportManager - Target URL: "http://192.168.1.90"
[INFO ] 2025-12-23 16:27:03.489 [main] ReportManager - Initial URL: "http://192.168.1.90/reports/reports/quotation"
[INFO ] 2025-12-23 16:27:03.614 [main] ReportManager - Navigate to url "http://192.168.1.90".
[ERROR] 2025-12-23 16:27:03.616 [main] AllureLifecycle - Could not add attachment: no test is running
[INFO ] 2025-12-23 16:27:03.624 [main] ReportManager - Successfully created attachment 'SHAFT Engine Logs - Current Method log: navigateBackToURL'
[INFO ] 2025-12-23 16:27:03.626 [main] ReportManager - 
[0;7m------------------------------------------------------------------------------------------------------------------------------------------------
                                        Starting Execution: '8 out of 10' test cases in the current suite                                        
                            Test Method: 'AdminPages.Reports.Quotation.QuotationTCs.VerifyThatUserCanSearchWithName'                            
------------------------------------------------------------------------------------------------------------------------------------------------
[0m
[INFO ] 2025-12-23 16:27:04.021 [main] ReportManager - Moved the mouse to the middle of the element.
[INFO ] 2025-12-23 16:27:04.082 [main] ReportManager - Click "Reports".
[INFO ] 2025-12-23 16:27:04.315 [main] ReportManager - Moved the mouse to the middle of the element.
[INFO ] 2025-12-23 16:27:04.404 [main] ReportManager - Click "î¥˜ Quotation Report".
[INFO ] 2025-12-23 16:27:04.404 [main] ReportManager - File Action "DoesFileExist" successfully performed. With the following test data "File Path: "QuotationReport.json"".
[INFO ] 2025-12-23 16:27:04.405 [main] ReportManager - File Action "DoesFileExist" successfully performed. With the following test data "File Path: "src/test/resources/testDataFiles/QuotationReport.json"".
[INFO ] 2025-12-23 16:27:04.407 [main] ReportManager - File Action "GetAbsolutePath" successfully performed. With the following test data "Relative Folder Path: "src/test/resources/testDataFiles/QuotationReport.json"".
[INFO ] 2025-12-23 16:27:04.409 [main] ReportManager - Successfully created attachment 'Test Data - JSON'
[INFO ] 2025-12-23 16:27:04.578 [main] ReportManager - Moved the mouse to the middle of the element.
[INFO ] 2025-12-23 16:27:04.626 [main] ReportManager - Click "dropdown trigger".
[INFO ] 2025-12-23 16:27:06.359 [main] ReportManager - Moved the mouse to the middle of the element.
[INFO ] 2025-12-23 16:27:06.458 [main] ReportManager - Click "Test".
[INFO ] 2025-12-23 16:27:06.622 [main] ReportManager - Moved the mouse to the middle of the element.
[INFO ] 2025-12-23 16:27:06.676 [main] ReportManager - Click "By.xpath: (//div[@class='p-multiselect-trigger'])[1]".
[INFO ] 2025-12-23 16:27:06.856 [main] ReportManager - Moved the mouse to the middle of the element.
[INFO ] 2025-12-23 16:27:06.909 [main] ReportManager - Click "By.xpath: //div[@role='checkbox']".
[INFO ] 2025-12-23 16:27:07.074 [main] ReportManager - Moved the mouse to the middle of the element.
[INFO ] 2025-12-23 16:27:07.131 [main] ReportManager - Click "î¤‹".
[INFO ] 2025-12-23 16:27:07.133 [main] ReportManager - File Action "DoesFileExist" successfully performed. With the following test data "File Path: "src/test/resources/testDataFiles/QuotationReport.json"".
[INFO ] 2025-12-23 16:27:07.133 [main] ReportManager - File Action "GetAbsolutePath" successfully performed. With the following test data "Relative Folder Path: "src/test/resources/testDataFiles/QuotationReport.json"".
[INFO ] 2025-12-23 16:27:07.317 [main] ReportManager - Type "Muhamd Gamal" into "Name".
[INFO ] 2025-12-23 16:27:07.479 [main] ReportManager - Moved the mouse to the middle of the element.
[INFO ] 2025-12-23 16:27:07.523 [main] ReportManager - Click "By.xpath: (//p-radiobutton)[1]".
[INFO ] 2025-12-23 16:27:07.698 [main] ReportManager - Moved the mouse to the middle of the element.
[INFO ] 2025-12-23 16:27:07.743 [main] ReportManager - Click "By.xpath: (//p-radiobutton)[5]".
[INFO ] 2025-12-23 16:28:08.789 [main] ReportManager - Expected condition failed: waiting for com.shaft.gui.element.internal.ElementActionsHelper$$Lambda$826/0x000001a29248b1e0@38ef6697 (tried for 60 second(s) with 100 milliseconds interval) || no such element: Unable to locate element: {"method":"xpath","selector":"//button[@label='Primary']"}
[INFO ] 2025-12-23 16:28:09.072 [main] ReportManager - Successfully created attachment 'Screenshot - 1766500088957_VerifyThatUserCanSearchWithName_Click_failed'
[INFO ] 2025-12-23 16:28:09.072 [main] ReportManager - Successfully created attachment 'Element Action Exception - Click - Stacktrace'
[INFO ] 2025-12-23 16:28:09.074 [main] ReportManager - Successfully created attachment 'SHAFT Engine Logs - Current Method log: VerifyThatUserCanSearchWithName'
[INFO ] 2025-12-23 16:28:09.074 [main] ReportManager - 
[0;7m------------------------------------------------------------------------------------------------------------------------------------------------
                 Finished Execution of Test Method: 'AdminPages.Reports.Quotation.QuotationTCs.VerifyThatUserCanSearchWithName'                 
                                                              Test Status: 'Failed'                                                              
------------------------------------------------------------------------------------------------------------------------------------------------
[0m
[INFO ] 2025-12-23 16:28:09.077 [main] ReportManager - 
[0;7m------------------------------------------------------------------------------------------------------------------------------------------------
                                         Starting execution of navigate back to url configuration method                                         
                                          'AdminPages.Reports.Quotation.QuotationTCs.navigateBackToURL'                                          
------------------------------------------------------------------------------------------------------------------------------------------------
[0m
[INFO ] 2025-12-23 16:28:09.089 [main] ReportManager - Target URL: "http://192.168.1.90"
[INFO ] 2025-12-23 16:28:09.103 [main] ReportManager - Initial URL: "http://192.168.1.90/reports/reports/quotation"
[INFO ] 2025-12-23 16:28:09.217 [main] ReportManager - Navigate to url "http://192.168.1.90".
[ERROR] 2025-12-23 16:28:09.218 [main] AllureLifecycle - Could not add attachment: no test is running
[INFO ] 2025-12-23 16:28:09.220 [main] ReportManager - Successfully created attachment 'SHAFT Engine Logs - Current Method log: navigateBackToURL'
[INFO ] 2025-12-23 16:28:09.223 [main] ReportManager - 
[0;7m------------------------------------------------------------------------------------------------------------------------------------------------
                                        Starting Execution: '9 out of 10' test cases in the current suite                                        
                          Test Method: 'AdminPages.Reports.Quotation.QuotationTCs.VerifyThatUserCanSearchWithQuotesNo'                          
------------------------------------------------------------------------------------------------------------------------------------------------
[0m
[INFO ] 2025-12-23 16:28:09.608 [main] ReportManager - Moved the mouse to the middle of the element.
[INFO ] 2025-12-23 16:28:09.668 [main] ReportManager - Click "Reports".
[INFO ] 2025-12-23 16:28:09.875 [main] ReportManager - Moved the mouse to the middle of the element.
[INFO ] 2025-12-23 16:28:09.956 [main] ReportManager - Click "î¥˜ Quotation Report".
[INFO ] 2025-12-23 16:28:09.956 [main] ReportManager - File Action "DoesFileExist" successfully performed. With the following test data "File Path: "QuotationReport.json"".
[INFO ] 2025-12-23 16:28:09.958 [main] ReportManager - File Action "DoesFileExist" successfully performed. With the following test data "File Path: "src/test/resources/testDataFiles/QuotationReport.json"".
[INFO ] 2025-12-23 16:28:09.958 [main] ReportManager - File Action "GetAbsolutePath" successfully performed. With the following test data "Relative Folder Path: "src/test/resources/testDataFiles/QuotationReport.json"".
[INFO ] 2025-12-23 16:28:09.961 [main] ReportManager - Successfully created attachment 'Test Data - JSON'
[INFO ] 2025-12-23 16:28:10.138 [main] ReportManager - Moved the mouse to the middle of the element.
[INFO ] 2025-12-23 16:28:10.185 [main] ReportManager - Click "dropdown trigger".
[INFO ] 2025-12-23 16:28:11.848 [main] ReportManager - Moved the mouse to the middle of the element.
[INFO ] 2025-12-23 16:28:11.894 [main] ReportManager - Click "Test".
[INFO ] 2025-12-23 16:28:12.064 [main] ReportManager - Moved the mouse to the middle of the element.
[INFO ] 2025-12-23 16:28:12.128 [main] ReportManager - Click "By.xpath: (//div[@class='p-multiselect-trigger'])[1]".
[INFO ] 2025-12-23 16:28:12.299 [main] ReportManager - Moved the mouse to the middle of the element.
[INFO ] 2025-12-23 16:28:12.346 [main] ReportManager - Click "By.xpath: //div[@role='checkbox']".
[INFO ] 2025-12-23 16:28:12.518 [main] ReportManager - Moved the mouse to the middle of the element.
[INFO ] 2025-12-23 16:28:12.566 [main] ReportManager - Click "î¤‹".
[INFO ] 2025-12-23 16:28:12.566 [main] ReportManager - File Action "DoesFileExist" successfully performed. With the following test data "File Path: "src/test/resources/testDataFiles/QuotationReport.json"".
[INFO ] 2025-12-23 16:28:12.567 [main] ReportManager - File Action "GetAbsolutePath" successfully performed. With the following test data "Relative Folder Path: "src/test/resources/testDataFiles/QuotationReport.json"".
[INFO ] 2025-12-23 16:28:12.732 [main] ReportManager - Type "EGAGN2BRN2250216EVjEye" into "Quotes No.".
[INFO ] 2025-12-23 16:28:12.906 [main] ReportManager - Moved the mouse to the middle of the element.
[INFO ] 2025-12-23 16:28:12.949 [main] ReportManager - Click "By.xpath: (//p-radiobutton)[1]".
[INFO ] 2025-12-23 16:28:13.126 [main] ReportManager - Moved the mouse to the middle of the element.
[INFO ] 2025-12-23 16:28:13.207 [main] ReportManager - Click "By.xpath: (//p-radiobutton)[5]".
[INFO ] 2025-12-23 16:29:14.288 [main] ReportManager - Expected condition failed: waiting for com.shaft.gui.element.internal.ElementActionsHelper$$Lambda$826/0x000001a29248b1e0@62e34e44 (tried for 60 second(s) with 100 milliseconds interval) || no such element: Unable to locate element: {"method":"xpath","selector":"//button[@label='Primary']"}
[INFO ] 2025-12-23 16:29:14.583 [main] ReportManager - Successfully created attachment 'Screenshot - 1766500154463_VerifyThatUserCanSearchWithQuotesNo_Click_failed'
[INFO ] 2025-12-23 16:29:14.583 [main] ReportManager - Successfully created attachment 'Element Action Exception - Click - Stacktrace'
[INFO ] 2025-12-23 16:29:14.591 [main] ReportManager - Successfully created attachment 'SHAFT Engine Logs - Current Method log: VerifyThatUserCanSearchWithQuotesNo'
[INFO ] 2025-12-23 16:29:14.592 [main] ReportManager - 
[0;7m------------------------------------------------------------------------------------------------------------------------------------------------
               Finished Execution of Test Method: 'AdminPages.Reports.Quotation.QuotationTCs.VerifyThatUserCanSearchWithQuotesNo'               
                                                              Test Status: 'Failed'                                                              
------------------------------------------------------------------------------------------------------------------------------------------------
[0m
[INFO ] 2025-12-23 16:29:14.596 [main] ReportManager - 
[0;7m------------------------------------------------------------------------------------------------------------------------------------------------
                                         Starting execution of navigate back to url configuration method                                         
                                          'AdminPages.Reports.Quotation.QuotationTCs.navigateBackToURL'                                          
------------------------------------------------------------------------------------------------------------------------------------------------
[0m
[INFO ] 2025-12-23 16:29:14.605 [main] ReportManager - Target URL: "http://192.168.1.90"
[INFO ] 2025-12-23 16:29:14.624 [main] ReportManager - Initial URL: "http://192.168.1.90/reports/reports/quotation"
[INFO ] 2025-12-23 16:29:14.768 [main] ReportManager - Navigate to url "http://192.168.1.90".
[ERROR] 2025-12-23 16:29:14.770 [main] AllureLifecycle - Could not add attachment: no test is running
[INFO ] 2025-12-23 16:29:14.770 [main] ReportManager - Successfully created attachment 'SHAFT Engine Logs - Current Method log: navigateBackToURL'
[INFO ] 2025-12-23 16:29:14.774 [main] ReportManager - 
[0;7m------------------------------------------------------------------------------------------------------------------------------------------------
                                       Starting Execution: '10 out of 10' test cases in the current suite                                       
             Test Method: 'AdminPages.Reports.Quotation.QuotationTCs.VerifyThatUserCanSearchWithTodayAndNoDataMessageShowsCorrectly'             
------------------------------------------------------------------------------------------------------------------------------------------------
[0m
[INFO ] 2025-12-23 16:29:15.356 [main] ReportManager - Moved the mouse to the middle of the element.
[INFO ] 2025-12-23 16:29:15.436 [main] ReportManager - Click "Reports".
[INFO ] 2025-12-23 16:29:15.651 [main] ReportManager - Moved the mouse to the middle of the element.
[INFO ] 2025-12-23 16:29:15.745 [main] ReportManager - Click "î¥˜ Quotation Report".
[INFO ] 2025-12-23 16:29:15.746 [main] ReportManager - File Action "DoesFileExist" successfully performed. With the following test data "File Path: "QuotationReport.json"".
[INFO ] 2025-12-23 16:29:15.746 [main] ReportManager - File Action "DoesFileExist" successfully performed. With the following test data "File Path: "src/test/resources/testDataFiles/QuotationReport.json"".
[INFO ] 2025-12-23 16:29:15.746 [main] ReportManager - File Action "GetAbsolutePath" successfully performed. With the following test data "Relative Folder Path: "src/test/resources/testDataFiles/QuotationReport.json"".
[INFO ] 2025-12-23 16:29:15.749 [main] ReportManager - Successfully created attachment 'Test Data - JSON'
[INFO ] 2025-12-23 16:29:15.928 [main] ReportManager - Moved the mouse to the middle of the element.
[INFO ] 2025-12-23 16:29:15.984 [main] ReportManager - Click "dropdown trigger".
[INFO ] 2025-12-23 16:29:17.860 [main] ReportManager - Moved the mouse to the middle of the element.
[INFO ] 2025-12-23 16:29:17.943 [main] ReportManager - Click "Test".
[INFO ] 2025-12-23 16:29:18.109 [main] ReportManager - Moved the mouse to the middle of the element.
[INFO ] 2025-12-23 16:29:18.158 [main] ReportManager - Click "By.xpath: (//div[@class='p-multiselect-trigger'])[1]".
[INFO ] 2025-12-23 16:29:18.345 [main] ReportManager - Moved the mouse to the middle of the element.
[INFO ] 2025-12-23 16:29:18.417 [main] ReportManager - Click "By.xpath: //div[@role='checkbox']".
[INFO ] 2025-12-23 16:29:18.576 [main] ReportManager - Moved the mouse to the middle of the element.
[INFO ] 2025-12-23 16:29:18.638 [main] ReportManager - Click "î¤‹".
[INFO ] 2025-12-23 16:29:18.812 [main] ReportManager - Moved the mouse to the middle of the element.
[INFO ] 2025-12-23 16:29:18.924 [main] ReportManager - Click "By.xpath: (//p-radiobutton)[1]".
[INFO ] 2025-12-23 16:29:19.125 [main] ReportManager - Moved the mouse to the middle of the element.
[INFO ] 2025-12-23 16:29:19.222 [main] ReportManager - Click "By.xpath: (//p-radiobutton)[3]".
[INFO ] 2025-12-23 16:30:19.247 [main] ReportManager - Expected condition failed: waiting for com.shaft.gui.element.internal.ElementActionsHelper$$Lambda$826/0x000001a29248b1e0@74b7aa05 (tried for 60 second(s) with 100 milliseconds interval) || no such element: Unable to locate element: {"method":"xpath","selector":"//button[@label='Primary']"}
[INFO ] 2025-12-23 16:30:19.490 [main] ReportManager - Successfully created attachment 'Screenshot - 1766500219391_VerifyThatUserCanSearchWithTodayAndNoDataMessageShowsCorrectly_Click_failed'
[INFO ] 2025-12-23 16:30:19.491 [main] ReportManager - Successfully created attachment 'Element Action Exception - Click - Stacktrace'
[INFO ] 2025-12-23 16:30:19.493 [main] ReportManager - Successfully created attachment 'SHAFT Engine Logs - Current Method log: VerifyThatUserCanSearchWithTodayAndNoDataMessageShowsCorrectly'
[INFO ] 2025-12-23 16:30:19.493 [main] ReportManager - 
[0;7m------------------------------------------------------------------------------------------------------------------------------------------------
  Finished Execution of Test Method: 'AdminPages.Reports.Quotation.QuotationTCs.VerifyThatUserCanSearchWithTodayAndNoDataMessageShowsCorrectly'  
                                                              Test Status: 'Failed'                                                              
------------------------------------------------------------------------------------------------------------------------------------------------
[0m
[INFO ] 2025-12-23 16:30:19.495 [main] ReportManager - 
[0;7m------------------------------------------------------------------------------------------------------------------------------------------------
                                         Starting execution of navigate back to url configuration method                                         
                                          'AdminPages.Reports.Quotation.QuotationTCs.navigateBackToURL'                                          
------------------------------------------------------------------------------------------------------------------------------------------------
[0m
[INFO ] 2025-12-23 16:30:19.506 [main] ReportManager - Target URL: "http://192.168.1.90"
[INFO ] 2025-12-23 16:30:19.519 [main] ReportManager - Initial URL: "http://192.168.1.90/reports/reports/quotation"
[INFO ] 2025-12-23 16:30:19.631 [main] ReportManager - Navigate to url "http://192.168.1.90".
[ERROR] 2025-12-23 16:30:19.640 [main] AllureLifecycle - Could not add attachment: no test is running
[INFO ] 2025-12-23 16:30:19.641 [main] ReportManager - Successfully created attachment 'SHAFT Engine Logs - Current Method log: navigateBackToURL'
[INFO ] 2025-12-23 16:30:19.646 [main] ReportManager - 
[0;7m------------------------------------------------------------------------------------------------------------------------------------------------
                                           Starting execution of engine teardown configuration method                                           
                                        'com.shaft.listeners.internal.ConfigurationHelper.engineTeardown'                                        
------------------------------------------------------------------------------------------------------------------------------------------------
[0m
[INFO ] 2025-12-23 16:30:19.646 [main] ReportManager - Successfully created attachment 'SHAFT Engine Logs - Execution log'
[INFO ] 2025-12-23 16:30:19.646 [main] ReportManager - File Action "DoesFileExist" successfully performed. With the following test data "File Path: "target/logs/log4j.log"".
[INFO ] 2025-12-23 16:30:19.646 [main] ReportManager - File Action "GetAbsolutePath" successfully performed. With the following test data "Relative Folder Path: "target/logs/log4j.log"".
